Log: Thu 27 2015, 23:02
Difficulty: 2
Number of Avatars: 2


Mazeport: 36470
Maze width: 12
Maze height: 10

THREAD FOR 0

THREAD FOR 1

its my turn: 0
Current board:
Position of avatar 0 - x: 4 y: 9
Position of avatar 1 - x: 3 y: 7
Move: 3

its my turn: 1
Current board:
Position of avatar 0 - x: 5 y: 9
Position of avatar 1 - x: 3 y: 7
Move: 3

its my turn: 0
Current board:
Position of avatar 0 - x: 5 y: 9
Position of avatar 1 - x: 3 y: 7
Move: 3

its my turn: 1
Current board:
Position of avatar 0 - x: 6 y: 9
Position of avatar 1 - x: 3 y: 7
Move: 1

its my turn: 0
Current board:
Position of avatar 0 - x: 6 y: 9
Position of avatar 1 - x: 3 y: 6
Move: 3

its my turn: 1
Current board:
Position of avatar 0 - x: 7 y: 9
Position of avatar 1 - x: 3 y: 6
Move: 3

its my turn: 0
Current board:
Position of avatar 0 - x: 7 y: 9
Position of avatar 1 - x: 4 y: 6
Move: 3

its my turn: 1
Current board:
Position of avatar 0 - x: 7 y: 9
Position of avatar 1 - x: 4 y: 6
Move: 2

its my turn: 0
Current board:
Position of avatar 0 - x: 7 y: 9
Position of avatar 1 - x: 4 y: 7
Move: 1

its my turn: 1
Current board:
Position of avatar 0 - x: 7 y: 8
Position of avatar 1 - x: 4 y: 7
Move: 2

its my turn: 0
Current board:
Position of avatar 0 - x: 7 y: 8
Position of avatar 1 - x: 4 y: 8
Move: 3

its my turn: 1
Current board:
Position of avatar 0 - x: 7 y: 8
Position of avatar 1 - x: 4 y: 8
Move: 0

its my turn: 0
Current board:
Position of avatar 0 - x: 7 y: 8
Position of avatar 1 - x: 4 y: 8
Move: 1

its my turn: 1
Current board:
Position of avatar 0 - x: 7 y: 8
Position of avatar 1 - x: 4 y: 8
Move: 2

its my turn: 0
Current board:
Position of avatar 0 - x: 7 y: 8
Position of avatar 1 - x: 4 y: 8
Move: 0

its my turn: 1
Current board:
Position of avatar 0 - x: 7 y: 8
Position of avatar 1 - x: 4 y: 8
Move: 3

its my turn: 0
Current board:
Position of avatar 0 - x: 7 y: 8
Position of avatar 1 - x: 5 y: 8
Move: 2

its my turn: 1
Current board:
Position of avatar 0 - x: 7 y: 9
Position of avatar 1 - x: 5 y: 8
Move: 2

its my turn: 0
Current board:
Position of avatar 0 - x: 7 y: 9
Position of avatar 1 - x: 5 y: 8
Move: 0

its my turn: 1
Current board:
Position of avatar 0 - x: 6 y: 9
Position of avatar 1 - x: 5 y: 8
Move: 3

its my turn: 0
Current board:
Position of avatar 0 - x: 6 y: 9
Position of avatar 1 - x: 6 y: 8
Move: 1

its my turn: 1
Current board:
Position of avatar 0 - x: 6 y: 9
Position of avatar 1 - x: 6 y: 8
Move: 1

its my turn: 0
Current board:
Position of avatar 0 - x: 6 y: 9
Position of avatar 1 - x: 6 y: 7
Move: 0

its my turn: 1
Current board:
Position of avatar 0 - x: 5 y: 9
Position of avatar 1 - x: 6 y: 7
Move: 3

its my turn: 0
Current board:
Position of avatar 0 - x: 5 y: 9
Position of avatar 1 - x: 7 y: 7
Move: 0

its my turn: 1
Current board:
Position of avatar 0 - x: 4 y: 9
Position of avatar 1 - x: 7 y: 7
Move: 3

its my turn: 0
Current board:
Position of avatar 0 - x: 4 y: 9
Position of avatar 1 - x: 7 y: 7
Move: 0

its my turn: 1
Current board:
Position of avatar 0 - x: 3 y: 9
Position of avatar 1 - x: 7 y: 7
Move: 1

its my turn: 0
Current board:
Position of avatar 0 - x: 3 y: 9
Position of avatar 1 - x: 7 y: 6
Move: 1

its my turn: 1
Current board:
Position of avatar 0 - x: 3 y: 8
Position of avatar 1 - x: 7 y: 6
Move: 3

its my turn: 0
Current board:
Position of avatar 0 - x: 3 y: 8
Position of avatar 1 - x: 7 y: 6
Move: 1

its my turn: 1
Current board:
Position of avatar 0 - x: 3 y: 7
Position of avatar 1 - x: 7 y: 6
Move: 1

its my turn: 0
Current board:
Position of avatar 0 - x: 3 y: 7
Position of avatar 1 - x: 7 y: 5
Move: 1

its my turn: 1
Current board:
Position of avatar 0 - x: 3 y: 6
Position of avatar 1 - x: 7 y: 5
Move: 3

its my turn: 0
Current board:
Position of avatar 0 - x: 3 y: 6
Position of avatar 1 - x: 8 y: 5
Move: 3

its my turn: 1
Current board:
Position of avatar 0 - x: 4 y: 6
Position of avatar 1 - x: 8 y: 5
Move: 2

its my turn: 0
Current board:
Position of avatar 0 - x: 4 y: 6
Position of avatar 1 - x: 8 y: 5
Move: 2

its my turn: 1
Current board:
Position of avatar 0 - x: 4 y: 7
Position of avatar 1 - x: 8 y: 5
Move: 3

its my turn: 0
Current board:
Position of avatar 0 - x: 4 y: 7
Position of avatar 1 - x: 9 y: 5
Move: 2

its my turn: 1
Current board:
Position of avatar 0 - x: 4 y: 8
Position of avatar 1 - x: 9 y: 5
Move: 2

its my turn: 0
Current board:
Position of avatar 0 - x: 4 y: 8
Position of avatar 1 - x: 9 y: 6
Move: 3

its my turn: 1
Current board:
Position of avatar 0 - x: 5 y: 8
Position of avatar 1 - x: 9 y: 6
Move: 0

its my turn: 0
Current board:
Position of avatar 0 - x: 5 y: 8
Position of avatar 1 - x: 8 y: 6
Move: 3

its my turn: 1
Current board:
Position of avatar 0 - x: 6 y: 8
Position of avatar 1 - x: 8 y: 6
Move: 2

its my turn: 0
Current board:
Position of avatar 0 - x: 6 y: 8
Position of avatar 1 - x: 8 y: 7
Move: 1

its my turn: 1
Current board:
Position of avatar 0 - x: 6 y: 7
Position of avatar 1 - x: 8 y: 7
Move: 2

its my turn: 0
Current board:
Position of avatar 0 - x: 6 y: 7
Position of avatar 1 - x: 8 y: 8
Move: 3

its my turn: 1
Current board:
Position of avatar 0 - x: 7 y: 7
Position of avatar 1 - x: 8 y: 8
Move: 2

its my turn: 0
Current board:
Position of avatar 0 - x: 7 y: 7
Position of avatar 1 - x: 8 y: 8
Move: 1

its my turn: 1
Current board:
Position of avatar 0 - x: 7 y: 6
Position of avatar 1 - x: 8 y: 8
Move: 3

its my turn: 0
Current board:
Position of avatar 0 - x: 7 y: 6
Position of avatar 1 - x: 9 y: 8
Move: 1

its my turn: 1
Current board:
Position of avatar 0 - x: 7 y: 5
Position of avatar 1 - x: 9 y: 8
Move: 2

its my turn: 0
Current board:
Position of avatar 0 - x: 7 y: 5
Position of avatar 1 - x: 9 y: 9
Move: 3

its my turn: 1
Current board:
Position of avatar 0 - x: 8 y: 5
Position of avatar 1 - x: 9 y: 9
Move: 0

its my turn: 0
Current board:
Position of avatar 0 - x: 8 y: 5
Position of avatar 1 - x: 8 y: 9
Move: 3

its my turn: 1
Current board:
Position of avatar 0 - x: 9 y: 5
Position of avatar 1 - x: 8 y: 9
Move: 3

its my turn: 0
Current board:
Position of avatar 0 - x: 9 y: 5
Position of avatar 1 - x: 9 y: 9
Move: 2

its my turn: 1
Current board:
Position of avatar 0 - x: 9 y: 6
Position of avatar 1 - x: 9 y: 9
Move: 3

its my turn: 0
Current board:
Position of avatar 0 - x: 9 y: 6
Position of avatar 1 - x: 10 y: 9
Move: 0

its my turn: 1
Current board:
Position of avatar 0 - x: 8 y: 6
Position of avatar 1 - x: 10 y: 9
Move: 3

its my turn: 0
Current board:
Position of avatar 0 - x: 8 y: 6
Position of avatar 1 - x: 11 y: 9
Move: 2

its my turn: 1
Current board:
Position of avatar 0 - x: 8 y: 7
Position of avatar 1 - x: 11 y: 9
Move: 1

its my turn: 0
Current board:
Position of avatar 0 - x: 8 y: 7
Position of avatar 1 - x: 11 y: 8
Move: 2

its my turn: 1
Current board:
Position of avatar 0 - x: 8 y: 8
Position of avatar 1 - x: 11 y: 8
Move: 1

its my turn: 0
Current board:
Position of avatar 0 - x: 8 y: 8
Position of avatar 1 - x: 11 y: 8
Move: 3

its my turn: 1
Current board:
Position of avatar 0 - x: 9 y: 8
Position of avatar 1 - x: 11 y: 8
Move: 0

its my turn: 0
Current board:
Position of avatar 0 - x: 9 y: 8
Position of avatar 1 - x: 10 y: 8
Move: 2

its my turn: 1
Current board:
Position of avatar 0 - x: 9 y: 9
Position of avatar 1 - x: 10 y: 8
Move: 1

its my turn: 0
Current board:
Position of avatar 0 - x: 9 y: 9
Position of avatar 1 - x: 10 y: 7
Move: 0

its my turn: 1
Current board:
Position of avatar 0 - x: 8 y: 9
Position of avatar 1 - x: 10 y: 7
Move: 3

its my turn: 0
Current board:
Position of avatar 0 - x: 8 y: 9
Position of avatar 1 - x: 10 y: 7
Move: 3

its my turn: 1
Current board:
Position of avatar 0 - x: 9 y: 9
Position of avatar 1 - x: 10 y: 7
Move: 1

its my turn: 0
Current board:
Position of avatar 0 - x: 9 y: 9
Position of avatar 1 - x: 10 y: 6
Move: 3

its my turn: 1
Current board:
Position of avatar 0 - x: 10 y: 9
Position of avatar 1 - x: 10 y: 6
Move: 3

its my turn: 0
Current board:
Position of avatar 0 - x: 10 y: 9
Position of avatar 1 - x: 10 y: 6
Move: 3

its my turn: 1
Current board:
Position of avatar 0 - x: 11 y: 9
Position of avatar 1 - x: 10 y: 6
Move: 1

its my turn: 0
Current board:
Position of avatar 0 - x: 11 y: 9
Position of avatar 1 - x: 10 y: 5
Move: 1

its my turn: 1
Current board:
Position of avatar 0 - x: 11 y: 8
Position of avatar 1 - x: 10 y: 5
Move: 3

its my turn: 0
Current board:
Position of avatar 0 - x: 11 y: 8
Position of avatar 1 - x: 10 y: 5
Move: 0

its my turn: 1
Current board:
Position of avatar 0 - x: 10 y: 8
Position of avatar 1 - x: 10 y: 5
Move: 1

its my turn: 0
Current board:
Position of avatar 0 - x: 10 y: 8
Position of avatar 1 - x: 10 y: 4
Move: 1

its my turn: 1
Current board:
Position of avatar 0 - x: 10 y: 7
Position of avatar 1 - x: 10 y: 4
Move: 3

its my turn: 0
Current board:
Position of avatar 0 - x: 10 y: 7
Position of avatar 1 - x: 10 y: 4
Move: 1

its my turn: 1
Current board:
Position of avatar 0 - x: 10 y: 6
Position of avatar 1 - x: 10 y: 4
Move: 1

its my turn: 0
Current board:
Position of avatar 0 - x: 10 y: 6
Position of avatar 1 - x: 10 y: 4
Move: 1

its my turn: 1
Current board:
Position of avatar 0 - x: 10 y: 5
Position of avatar 1 - x: 10 y: 4
Move: 0

its my turn: 0
Current board:
Position of avatar 0 - x: 10 y: 5
Position of avatar 1 - x: 9 y: 4
Move: 1

its my turn: 1
Current board:
Position of avatar 0 - x: 10 y: 4
Position of avatar 1 - x: 9 y: 4
Move: 1

its my turn: 0
Current board:
Position of avatar 0 - x: 10 y: 4
Position of avatar 1 - x: 9 y: 4
Move: 0