Log: Thu 27 2015, 16:55
Difficulty: 1
Number of Avatars: 2


Mazeport: 47972
Maze width: 6
Maze height: 9

THREAD FOR 0

THREAD FOR 1

its my turn: 0
Current board:
Position of avatar 0 - x: 2 y: 0
Position of avatar 1 - x: 2 y: 5
Move: 3

its my turn: 1
Current board:
Position of avatar 0 - x: 3 y: 0
Position of avatar 1 - x: 2 y: 5
Move: 3

its my turn: 0
Current board:
Position of avatar 0 - x: 3 y: 0
Position of avatar 1 - x: 2 y: 5
Move: 2

its my turn: 1
Current board:
Position of avatar 0 - x: 3 y: 0
Position of avatar 1 - x: 2 y: 5
Move: 1

its my turn: 0
Current board:
Position of avatar 0 - x: 3 y: 0
Position of avatar 1 - x: 2 y: 5
Move: 3

its my turn: 1
Current board:
Position of avatar 0 - x: 3 y: 0
Position of avatar 1 - x: 2 y: 5
Move: 0

its my turn: 0
Current board:
Position of avatar 0 - x: 3 y: 0
Position of avatar 1 - x: 1 y: 5
Move: 0

its my turn: 1
Current board:
Position of avatar 0 - x: 2 y: 0
Position of avatar 1 - x: 1 y: 5
Move: 1

its my turn: 0
Current board:
Position of avatar 0 - x: 2 y: 0
Position of avatar 1 - x: 1 y: 5
Move: 0

its my turn: 1
Current board:
Position of avatar 0 - x: 1 y: 0
Position of avatar 1 - x: 1 y: 5
Move: 0

its my turn: 0
Current board:
Position of avatar 0 - x: 1 y: 0
Position of avatar 1 - x: 1 y: 5
Move: 0

its my turn: 1
Current board:
Position of avatar 0 - x: 1 y: 0
Position of avatar 1 - x: 1 y: 5
Move: 2

its my turn: 0
Current board:
Position of avatar 0 - x: 1 y: 0
Position of avatar 1 - x: 1 y: 6
Move: 2

its my turn: 1
Current board:
Position of avatar 0 - x: 1 y: 1
Position of avatar 1 - x: 1 y: 6
Move: 0

its my turn: 0
Current board:
Position of avatar 0 - x: 1 y: 1
Position of avatar 1 - x: 0 y: 6
Move: 0

its my turn: 1
Current board:
Position of avatar 0 - x: 1 y: 1
Position of avatar 1 - x: 0 y: 6
Move: 1

its my turn: 0
Current board:
Position of avatar 0 - x: 1 y: 1
Position of avatar 1 - x: 0 y: 5
Move: 2

its my turn: 1
Current board:
Position of avatar 0 - x: 1 y: 2
Position of avatar 1 - x: 0 y: 5
Move: 1

its my turn: 0
Current board:
Position of avatar 0 - x: 1 y: 2
Position of avatar 1 - x: 0 y: 4
Move: 0

its my turn: 1
Current board:
Position of avatar 0 - x: 0 y: 2
Position of avatar 1 - x: 0 y: 4
Move: 3

its my turn: 0
Current board:
Position of avatar 0 - x: 0 y: 2
Position of avatar 1 - x: 0 y: 4
Move: 1

its my turn: 1
Current board:
Position of avatar 0 - x: 0 y: 1
Position of avatar 1 - x: 0 y: 4
Move: 1

its my turn: 0
Current board:
Position of avatar 0 - x: 0 y: 1
Position of avatar 1 - x: 0 y: 3
Move: 1

its my turn: 1
Current board:
Position of avatar 0 - x: 0 y: 0
Position of avatar 1 - x: 0 y: 3
Move: 3

its my turn: 0
Current board:
Position of avatar 0 - x: 0 y: 0
Position of avatar 1 - x: 0 y: 3
Move: 2

its my turn: 1
Current board:
Position of avatar 0 - x: 0 y: 1
Position of avatar 1 - x: 0 y: 3
Move: 1

its my turn: 0
Current board:
Position of avatar 0 - x: 0 y: 1
Position of avatar 1 - x: 0 y: 2
Move: 2

Cleared Memory