Log: Thu 27 2015, 17:27
Difficulty: 1
Number of Avatars: 3


Mazeport: 40038
Maze width: 6
Maze height: 9

THREAD FOR 0

THREAD FOR 1

THREAD FOR 2

its my turn: 0
Current board:
Position of avatar 0 - x: 2 y: 0
Position of avatar 1 - x: 2 y: 5
Position of avatar 2 - x: 4 y: 4
Move: 3

its my turn: 1
Current board:
Position of avatar 0 - x: 3 y: 0
Position of avatar 1 - x: 2 y: 5
Position of avatar 2 - x: 4 y: 4
Move: 3

its my turn: 2
Current board:
Position of avatar 0 - x: 3 y: 0
Position of avatar 1 - x: 2 y: 5
Position of avatar 2 - x: 4 y: 4
Move: 3

its my turn: 0
Current board:
Position of avatar 0 - x: 3 y: 0
Position of avatar 1 - x: 2 y: 5
Position of avatar 2 - x: 5 y: 4
Move: 2

its my turn: 1
Current board:
Position of avatar 0 - x: 3 y: 0
Position of avatar 1 - x: 2 y: 5
Position of avatar 2 - x: 5 y: 4
Move: 1

its my turn: 2
Current board:
Position of avatar 0 - x: 3 y: 0
Position of avatar 1 - x: 2 y: 5
Position of avatar 2 - x: 5 y: 4
Move: 2

its my turn: 0
Current board:
Position of avatar 0 - x: 3 y: 0
Position of avatar 1 - x: 2 y: 5
Position of avatar 2 - x: 5 y: 4
Move: 3

its my turn: 1
Current board:
Position of avatar 0 - x: 3 y: 0
Position of avatar 1 - x: 2 y: 5
Position of avatar 2 - x: 5 y: 4
Move: 0

its my turn: 2
Current board:
Position of avatar 0 - x: 3 y: 0
Position of avatar 1 - x: 1 y: 5
Position of avatar 2 - x: 5 y: 4
Move: 1

its my turn: 0
Current board:
Position of avatar 0 - x: 3 y: 0
Position of avatar 1 - x: 1 y: 5
Position of avatar 2 - x: 5 y: 3
Move: 0

its my turn: 1
Current board:
Position of avatar 0 - x: 2 y: 0
Position of avatar 1 - x: 1 y: 5
Position of avatar 2 - x: 5 y: 3
Move: 1

its my turn: 2
Current board:
Position of avatar 0 - x: 2 y: 0
Position of avatar 1 - x: 1 y: 5
Position of avatar 2 - x: 5 y: 3
Move: 1

its my turn: 0
Current board:
Position of avatar 0 - x: 2 y: 0
Position of avatar 1 - x: 1 y: 5
Position of avatar 2 - x: 5 y: 2
Move: 0

its my turn: 1
Current board:
Position of avatar 0 - x: 1 y: 0
Position of avatar 1 - x: 1 y: 5
Position of avatar 2 - x: 5 y: 2
Move: 0

its my turn: 2
Current board:
Position of avatar 0 - x: 1 y: 0
Position of avatar 1 - x: 1 y: 5
Position of avatar 2 - x: 5 y: 2
Move: 1

its my turn: 0
Current board:
Position of avatar 0 - x: 1 y: 0
Position of avatar 1 - x: 1 y: 5
Position of avatar 2 - x: 5 y: 1
Move: 0

its my turn: 1
Current board:
Position of avatar 0 - x: 1 y: 0
Position of avatar 1 - x: 1 y: 5
Position of avatar 2 - x: 5 y: 1
Move: 2

its my turn: 2
Current board:
Position of avatar 0 - x: 1 y: 0
Position of avatar 1 - x: 1 y: 6
Position of avatar 2 - x: 5 y: 1
Move: 1

its my turn: 0
Current board:
Position of avatar 0 - x: 1 y: 0
Position of avatar 1 - x: 1 y: 6
Position of avatar 2 - x: 5 y: 0
Move: 2

its my turn: 1
Current board:
Position of avatar 0 - x: 1 y: 1
Position of avatar 1 - x: 1 y: 6
Position of avatar 2 - x: 5 y: 0
Move: 0

its my turn: 2
Current board:
Position of avatar 0 - x: 1 y: 1
Position of avatar 1 - x: 0 y: 6
Position of avatar 2 - x: 5 y: 0
Move: 0

its my turn: 0
Current board:
Position of avatar 0 - x: 1 y: 1
Position of avatar 1 - x: 0 y: 6
Position of avatar 2 - x: 4 y: 0
Move: 0

its my turn: 1
Current board:
Position of avatar 0 - x: 1 y: 1
Position of avatar 1 - x: 0 y: 6
Position of avatar 2 - x: 4 y: 0
Move: 1

its my turn: 2
Current board:
Position of avatar 0 - x: 1 y: 1
Position of avatar 1 - x: 0 y: 5
Position of avatar 2 - x: 4 y: 0
Move: 0

its my turn: 0
Current board:
Position of avatar 0 - x: 1 y: 1
Position of avatar 1 - x: 0 y: 5
Position of avatar 2 - x: 4 y: 0
Move: 2

its my turn: 1
Current board:
Position of avatar 0 - x: 1 y: 2
Position of avatar 1 - x: 0 y: 5
Position of avatar 2 - x: 4 y: 0
Move: 1

its my turn: 2
Current board:
Position of avatar 0 - x: 1 y: 2
Position of avatar 1 - x: 0 y: 4
Position of avatar 2 - x: 4 y: 0
Move: 2

its my turn: 0
Current board:
Position of avatar 0 - x: 1 y: 2
Position of avatar 1 - x: 0 y: 4
Position of avatar 2 - x: 4 y: 1
Move: 0

its my turn: 1
Current board:
Position of avatar 0 - x: 0 y: 2
Position of avatar 1 - x: 0 y: 4
Position of avatar 2 - x: 4 y: 1
Move: 3

its my turn: 2
Current board:
Position of avatar 0 - x: 0 y: 2
Position of avatar 1 - x: 0 y: 4
Position of avatar 2 - x: 4 y: 1
Move: 0

its my turn: 0
Current board:
Position of avatar 0 - x: 0 y: 2
Position of avatar 1 - x: 0 y: 4
Position of avatar 2 - x: 3 y: 1
Move: 1

its my turn: 1
Current board:
Position of avatar 0 - x: 0 y: 1
Position of avatar 1 - x: 0 y: 4
Position of avatar 2 - x: 3 y: 1
Move: 1

its my turn: 2
Current board:
Position of avatar 0 - x: 0 y: 1
Position of avatar 1 - x: 0 y: 3
Position of avatar 2 - x: 3 y: 1
Move: 0

its my turn: 0
Current board:
Position of avatar 0 - x: 0 y: 1
Position of avatar 1 - x: 0 y: 3
Position of avatar 2 - x: 2 y: 1
Move: 1

its my turn: 1
Current board:
Position of avatar 0 - x: 0 y: 0
Position of avatar 1 - x: 0 y: 3
Position of avatar 2 - x: 2 y: 1
Move: 3

its my turn: 2
Current board:
Position of avatar 0 - x: 0 y: 0
Position of avatar 1 - x: 0 y: 3
Position of avatar 2 - x: 2 y: 1
Move: 1

its my turn: 0
Current board:
Position of avatar 0 - x: 0 y: 0
Position of avatar 1 - x: 0 y: 3
Position of avatar 2 - x: 2 y: 0
Move: 2

its my turn: 1
Current board:
Position of avatar 0 - x: 0 y: 1
Position of avatar 1 - x: 0 y: 3
Position of avatar 2 - x: 2 y: 0
Move: 1

its my turn: 2
Current board:
Position of avatar 0 - x: 0 y: 1
Position of avatar 1 - x: 0 y: 2
Position of avatar 2 - x: 2 y: 0
Move: 0

its my turn: 0
Current board:
Position of avatar 0 - x: 0 y: 1
Position of avatar 1 - x: 0 y: 2
Position of avatar 2 - x: 1 y: 0
Move: 2

its my turn: 1
Current board:
Position of avatar 0 - x: 0 y: 2
Position of avatar 1 - x: 0 y: 2
Position of avatar 2 - x: 1 y: 0
Move: 3

its my turn: 2
Current board:
Position of avatar 0 - x: 0 y: 2
Position of avatar 1 - x: 1 y: 2
Position of avatar 2 - x: 1 y: 0
Move: 0

its my turn: 0
Current board:
Position of avatar 0 - x: 0 y: 2
Position of avatar 1 - x: 1 y: 2
Position of avatar 2 - x: 1 y: 0
Move: 2

its my turn: 1
Current board:
Position of avatar 0 - x: 0 y: 3
Position of avatar 1 - x: 1 y: 2
Position of avatar 2 - x: 1 y: 0
Move: 2

its my turn: 2
Current board:
Position of avatar 0 - x: 0 y: 3
Position of avatar 1 - x: 1 y: 2
Position of avatar 2 - x: 1 y: 0
Move: 2

its my turn: 0
Current board:
Position of avatar 0 - x: 0 y: 3
Position of avatar 1 - x: 1 y: 2
Position of avatar 2 - x: 1 y: 1
Move: 2

its my turn: 1
Current board:
Position of avatar 0 - x: 0 y: 4
Position of avatar 1 - x: 1 y: 2
Position of avatar 2 - x: 1 y: 1
Move: 3

its my turn: 2
Current board:
Position of avatar 0 - x: 0 y: 4
Position of avatar 1 - x: 2 y: 2
Position of avatar 2 - x: 1 y: 1
Move: 2

its my turn: 0
Current board:
Position of avatar 0 - x: 0 y: 4
Position of avatar 1 - x: 2 y: 2
Position of avatar 2 - x: 1 y: 2
Move: 2

its my turn: 1
Current board:
Position of avatar 0 - x: 0 y: 5
Position of avatar 1 - x: 2 y: 2
Position of avatar 2 - x: 1 y: 2
Move: 2

its my turn: 2
Current board:
Position of avatar 0 - x: 0 y: 5
Position of avatar 1 - x: 2 y: 3
Position of avatar 2 - x: 1 y: 2
Move: 0

its my turn: 0
Current board:
Position of avatar 0 - x: 0 y: 5
Position of avatar 1 - x: 2 y: 3
Position of avatar 2 - x: 0 y: 2
Move: 2

its my turn: 1
Current board:
Position of avatar 0 - x: 0 y: 6
Position of avatar 1 - x: 2 y: 3
Position of avatar 2 - x: 0 y: 2
Move: 0

its my turn: 2
Current board:
Position of avatar 0 - x: 0 y: 6
Position of avatar 1 - x: 2 y: 3
Position of avatar 2 - x: 0 y: 2
Move: 2

its my turn: 0
Current board:
Position of avatar 0 - x: 0 y: 6
Position of avatar 1 - x: 2 y: 3
Position of avatar 2 - x: 0 y: 3
Move: 2

its my turn: 1
Current board:
Position of avatar 0 - x: 0 y: 6
Position of avatar 1 - x: 2 y: 3
Position of avatar 2 - x: 0 y: 3
Move: 2

its my turn: 2
Current board:
Position of avatar 0 - x: 0 y: 6
Position of avatar 1 - x: 2 y: 3
Position of avatar 2 - x: 0 y: 3
Move: 2

its my turn: 0
Current board:
Position of avatar 0 - x: 0 y: 6
Position of avatar 1 - x: 2 y: 3
Position of avatar 2 - x: 0 y: 4
Move: 3

its my turn: 1
Current board:
Position of avatar 0 - x: 1 y: 6
Position of avatar 1 - x: 2 y: 3
Position of avatar 2 - x: 0 y: 4
Move: 3

its my turn: 2
Current board:
Position of avatar 0 - x: 1 y: 6
Position of avatar 1 - x: 3 y: 3
Position of avatar 2 - x: 0 y: 4
Move: 2

its my turn: 0
Current board:
Position of avatar 0 - x: 1 y: 6
Position of avatar 1 - x: 3 y: 3
Position of avatar 2 - x: 0 y: 5
Move: 2

its my turn: 1
Current board:
Position of avatar 0 - x: 1 y: 6
Position of avatar 1 - x: 3 y: 3
Position of avatar 2 - x: 0 y: 5
Move: 2

its my turn: 2
Current board:
Position of avatar 0 - x: 1 y: 6
Position of avatar 1 - x: 3 y: 3
Position of avatar 2 - x: 0 y: 5
Move: 2

its my turn: 0
Current board:
Position of avatar 0 - x: 1 y: 6
Position of avatar 1 - x: 3 y: 3
Position of avatar 2 - x: 0 y: 6
Move: 3

its my turn: 1
Current board:
Position of avatar 0 - x: 1 y: 6
Position of avatar 1 - x: 3 y: 3
Position of avatar 2 - x: 0 y: 6
Move: 3

its my turn: 2
Current board:
Position of avatar 0 - x: 1 y: 6
Position of avatar 1 - x: 4 y: 3
Position of avatar 2 - x: 0 y: 6
Move: 2

its my turn: 0
Current board:
Position of avatar 0 - x: 1 y: 6
Position of avatar 1 - x: 4 y: 3
Position of avatar 2 - x: 0 y: 6
Move: 1

its my turn: 1
Current board:
Position of avatar 0 - x: 1 y: 5
Position of avatar 1 - x: 4 y: 3
Position of avatar 2 - x: 0 y: 6
Move: 2

its my turn: 2
Current board:
Position of avatar 0 - x: 1 y: 5
Position of avatar 1 - x: 4 y: 3
Position of avatar 2 - x: 0 y: 6
Move: 3

its my turn: 0
Current board:
Position of avatar 0 - x: 1 y: 5
Position of avatar 1 - x: 4 y: 3
Position of avatar 2 - x: 1 y: 6
Move: 3

its my turn: 1
Current board:
Position of avatar 0 - x: 2 y: 5
Position of avatar 1 - x: 4 y: 3
Position of avatar 2 - x: 1 y: 6
Move: 3

its my turn: 2
Current board:
Position of avatar 0 - x: 2 y: 5
Position of avatar 1 - x: 4 y: 3
Position of avatar 2 - x: 1 y: 6
Move: 3

its my turn: 0
Current board:
Position of avatar 0 - x: 2 y: 5
Position of avatar 1 - x: 4 y: 3
Position of avatar 2 - x: 1 y: 6
Move: 2

its my turn: 1
Current board:
Position of avatar 0 - x: 2 y: 6
Position of avatar 1 - x: 4 y: 3
Position of avatar 2 - x: 1 y: 6
Move: 1

its my turn: 2
Current board:
Position of avatar 0 - x: 2 y: 6
Position of avatar 1 - x: 4 y: 2
Position of avatar 2 - x: 1 y: 6
Move: 1

its my turn: 0
Current board:
Position of avatar 0 - x: 2 y: 6
Position of avatar 1 - x: 4 y: 2
Position of avatar 2 - x: 1 y: 5
Move: 2

its my turn: 1
Current board:
Position of avatar 0 - x: 2 y: 7
Position of avatar 1 - x: 4 y: 2
Position of avatar 2 - x: 1 y: 5
Move: 3

its my turn: 2
Current board:
Position of avatar 0 - x: 2 y: 7
Position of avatar 1 - x: 4 y: 2
Position of avatar 2 - x: 1 y: 5
Move: 3

its my turn: 0
Current board:
Position of avatar 0 - x: 2 y: 7
Position of avatar 1 - x: 4 y: 2
Position of avatar 2 - x: 2 y: 5
Move: 0

its my turn: 1
Current board:
Position of avatar 0 - x: 2 y: 7
Position of avatar 1 - x: 4 y: 2
Position of avatar 2 - x: 2 y: 5
Move: 1

its my turn: 2
Current board:
Position of avatar 0 - x: 2 y: 7
Position of avatar 1 - x: 4 y: 2
Position of avatar 2 - x: 2 y: 5
Move: 2

its my turn: 0
Current board:
Position of avatar 0 - x: 2 y: 7
Position of avatar 1 - x: 4 y: 2
Position of avatar 2 - x: 2 y: 6
Move: 2

its my turn: 1
Current board:
Position of avatar 0 - x: 2 y: 8
Position of avatar 1 - x: 4 y: 2
Position of avatar 2 - x: 2 y: 6
Move: 0

its my turn: 2
Current board:
Position of avatar 0 - x: 2 y: 8
Position of avatar 1 - x: 3 y: 2
Position of avatar 2 - x: 2 y: 6
Move: 2

its my turn: 0
Current board:
Position of avatar 0 - x: 2 y: 8
Position of avatar 1 - x: 3 y: 2
Position of avatar 2 - x: 2 y: 7
Move: 0

its my turn: 1
Current board:
Position of avatar 0 - x: 1 y: 8
Position of avatar 1 - x: 3 y: 2
Position of avatar 2 - x: 2 y: 7
Move: 1

its my turn: 2
Current board:
Position of avatar 0 - x: 1 y: 8
Position of avatar 1 - x: 3 y: 2
Position of avatar 2 - x: 2 y: 7
Move: 2

its my turn: 0
Current board:
Position of avatar 0 - x: 1 y: 8
Position of avatar 1 - x: 3 y: 2
Position of avatar 2 - x: 2 y: 8
Move: 1

its my turn: 1
Current board:
Position of avatar 0 - x: 1 y: 7
Position of avatar 1 - x: 3 y: 2
Position of avatar 2 - x: 2 y: 8
Move: 0

its my turn: 2
Current board:
Position of avatar 0 - x: 1 y: 7
Position of avatar 1 - x: 3 y: 2
Position of avatar 2 - x: 2 y: 8
Move: 0

its my turn: 0
Current board:
Position of avatar 0 - x: 1 y: 7
Position of avatar 1 - x: 3 y: 2
Position of avatar 2 - x: 1 y: 8
Move: 1

its my turn: 1
Current board:
Position of avatar 0 - x: 1 y: 7
Position of avatar 1 - x: 3 y: 2
Position of avatar 2 - x: 1 y: 8
Move: 2

its my turn: 2
Current board:
Position of avatar 0 - x: 1 y: 7
Position of avatar 1 - x: 3 y: 2
Position of avatar 2 - x: 1 y: 8
Move: 1

its my turn: 0
Current board:
Position of avatar 0 - x: 1 y: 7
Position of avatar 1 - x: 3 y: 2
Position of avatar 2 - x: 1 y: 7
Move: 1

its my turn: 1
Current board:
Position of avatar 0 - x: 1 y: 7
Position of avatar 1 - x: 3 y: 2
Position of avatar 2 - x: 1 y: 7
Move: 3

its my turn: 2
Current board:
Position of avatar 0 - x: 1 y: 7
Position of avatar 1 - x: 4 y: 2
Position of avatar 2 - x: 1 y: 7
Move: 0

its my turn: 0
Current board:
Position of avatar 0 - x: 1 y: 7
Position of avatar 1 - x: 4 y: 2
Position of avatar 2 - x: 0 y: 7
Move: 0

its my turn: 1
Current board:
Position of avatar 0 - x: 0 y: 7
Position of avatar 1 - x: 4 y: 2
Position of avatar 2 - x: 0 y: 7
Move: 2

its my turn: 2
Current board:
Position of avatar 0 - x: 0 y: 7
Position of avatar 1 - x: 4 y: 3
Position of avatar 2 - x: 0 y: 7
Move: 2

its my turn: 0
Current board:
Position of avatar 0 - x: 0 y: 7
Position of avatar 1 - x: 4 y: 3
Position of avatar 2 - x: 0 y: 8
Move: 2

its my turn: 1
Current board:
Position of avatar 0 - x: 0 y: 8
Position of avatar 1 - x: 4 y: 3
Position of avatar 2 - x: 0 y: 8
Move: 0

its my turn: 2
Current board:
Position of avatar 0 - x: 0 y: 8
Position of avatar 1 - x: 3 y: 3
Position of avatar 2 - x: 0 y: 8
Move: 3

its my turn: 0
Current board:
Position of avatar 0 - x: 0 y: 8
Position of avatar 1 - x: 3 y: 3
Position of avatar 2 - x: 0 y: 8
Move: 1

its my turn: 1
Current board:
Position of avatar 0 - x: 0 y: 7
Position of avatar 1 - x: 3 y: 3
Position of avatar 2 - x: 0 y: 8
Move: 0

its my turn: 2
Current board:
Position of avatar 0 - x: 0 y: 7
Position of avatar 1 - x: 2 y: 3
Position of avatar 2 - x: 0 y: 8Log: Thu 27 2015, 17:42
Difficulty: 1
Number of Avatars: 3


Mazeport: 42880
Maze width: 6
Maze height: 9

THREAD FOR 0

THREAD FOR 1

THREAD FOR 2

its my turn: 0
Current board:
Position of avatar 0 - x: 2 y: 0
Position of avatar 1 - x: 2 y: 5
Position of avatar 2 - x: 4 y: 4
Move: 3

its my turn: 1
Current board:
Position of avatar 0 - x: 3 y: 0
Position of avatar 1 - x: 2 y: 5
Position of avatar 2 - x: 4 y: 4
Move: 3

its my turn: 2
Current board:
Position of avatar 0 - x: 3 y: 0
Position of avatar 1 - x: 2 y: 5
Position of avatar 2 - x: 4 y: 4
Move: 3

its my turn: 0
Current board:
Position of avatar 0 - x: 3 y: 0
Position of avatar 1 - x: 2 y: 5
Position of avatar 2 - x: 5 y: 4
Move: 2

its my turn: 1
Current board:
Position of avatar 0 - x: 3 y: 0
Position of avatar 1 - x: 2 y: 5
Position of avatar 2 - x: 5 y: 4
Move: 1

its my turn: 2
Current board:
Position of avatar 0 - x: 3 y: 0
Position of avatar 1 - x: 2 y: 5
Position of avatar 2 - x: 5 y: 4
Move: 2

its my turn: 0
Current board:
Position of avatar 0 - x: 3 y: 0
Position of avatar 1 - x: 2 y: 5
Position of avatar 2 - x: 5 y: 4
Move: 3

its my turn: 1
Current board:
Position of avatar 0 - x: 3 y: 0
Position of avatar 1 - x: 2 y: 5
Position of avatar 2 - x: 5 y: 4
Move: 0

its my turn: 2
Current board:
Position of avatar 0 - x: 3 y: 0
Position of avatar 1 - x: 1 y: 5
Position of avatar 2 - x: 5 y: 4
Move: 1

its my turn: 0
Current board:
Position of avatar 0 - x: 3 y: 0
Position of avatar 1 - x: 1 y: 5
Position of avatar 2 - x: 5 y: 3
Move: 0

its my turn: 1
Current board:
Position of avatar 0 - x: 2 y: 0
Position of avatar 1 - x: 1 y: 5
Position of avatar 2 - x: 5 y: 3
Move: 1

its my turn: 2
Current board:
Position of avatar 0 - x: 2 y: 0
Position of avatar 1 - x: 1 y: 5
Position of avatar 2 - x: 5 y: 3
Move: 1

its my turn: 0
Current board:
Position of avatar 0 - x: 2 y: 0
Position of avatar 1 - x: 1 y: 5
Position of avatar 2 - x: 5 y: 2
Move: 0

its my turn: 1
Current board:
Position of avatar 0 - x: 1 y: 0
Position of avatar 1 - x: 1 y: 5
Position of avatar 2 - x: 5 y: 2
Move: 0

its my turn: 2
Current board:
Position of avatar 0 - x: 1 y: 0
Position of avatar 1 - x: 1 y: 5
Position of avatar 2 - x: 5 y: 2
Move: 1

its my turn: 0
Current board:
Position of avatar 0 - x: 1 y: 0
Position of avatar 1 - x: 1 y: 5
Position of avatar 2 - x: 5 y: 1
Move: 0

its my turn: 1
Current board:
Position of avatar 0 - x: 1 y: 0
Position of avatar 1 - x: 1 y: 5
Position of avatar 2 - x: 5 y: 1
Move: 2

its my turn: 2
Current board:
Position of avatar 0 - x: 1 y: 0
Position of avatar 1 - x: 1 y: 6
Position of avatar 2 - x: 5 y: 1
Move: 1

its my turn: 0
Current board:
Position of avatar 0 - x: 1 y: 0
Position of avatar 1 - x: 1 y: 6
Position of avatar 2 - x: 5 y: 0
Move: 2

its my turn: 1
Current board:
Position of avatar 0 - x: 1 y: 1
Position of avatar 1 - x: 1 y: 6
Position of avatar 2 - x: 5 y: 0
Move: 0

its my turn: 2
Current board:
Position of avatar 0 - x: 1 y: 1
Position of avatar 1 - x: 0 y: 6
Position of avatar 2 - x: 5 y: 0
Move: 0

its my turn: 0
Current board:
Position of avatar 0 - x: 1 y: 1
Position of avatar 1 - x: 0 y: 6
Position of avatar 2 - x: 4 y: 0
Move: 0

its my turn: 1
Current board:
Position of avatar 0 - x: 1 y: 1
Position of avatar 1 - x: 0 y: 6
Position of avatar 2 - x: 4 y: 0
Move: 1

its my turn: 2
Current board:
Position of avatar 0 - x: 1 y: 1
Position of avatar 1 - x: 0 y: 5
Position of avatar 2 - x: 4 y: 0
Move: 0

its my turn: 0
Current board:
Position of avatar 0 - x: 1 y: 1
Position of avatar 1 - x: 0 y: 5
Position of avatar 2 - x: 4 y: 0
Move: 2

its my turn: 1
Current board:
Position of avatar 0 - x: 1 y: 2
Position of avatar 1 - x: 0 y: 5
Position of avatar 2 - x: 4 y: 0
Move: 1

its my turn: 2
Current board:
Position of avatar 0 - x: 1 y: 2
Position of avatar 1 - x: 0 y: 4
Position of avatar 2 - x: 4 y: 0
Move: 2

its my turn: 0
Current board:
Position of avatar 0 - x: 1 y: 2
Position of avatar 1 - x: 0 y: 4
Position of avatar 2 - x: 4 y: 1
Move: 0

its my turn: 1
Current board:
Position of avatar 0 - x: 0 y: 2
Position of avatar 1 - x: 0 y: 4
Position of avatar 2 - x: 4 y: 1
Move: 3

its my turn: 2
Current board:
Position of avatar 0 - x: 0 y: 2
Position of avatar 1 - x: 0 y: 4
Position of avatar 2 - x: 4 y: 1
Move: 0

its my turn: 0
Current board:
Position of avatar 0 - x: 0 y: 2
Position of avatar 1 - x: 0 y: 4
Position of avatar 2 - x: 3 y: 1
Move: 1

its my turn: 1
Current board:
Position of avatar 0 - x: 0 y: 1
Position of avatar 1 - x: 0 y: 4
Position of avatar 2 - x: 3 y: 1
Move: 1

its my turn: 2
Current board:
Position of avatar 0 - x: 0 y: 1
Position of avatar 1 - x: 0 y: 3
Position of avatar 2 - x: 3 y: 1
Move: 0

its my turn: 0
Current board:
Position of avatar 0 - x: 0 y: 1
Position of avatar 1 - x: 0 y: 3
Position of avatar 2 - x: 2 y: 1
Move: 1

its my turn: 1
Current board:
Position of avatar 0 - x: 0 y: 0
Position of avatar 1 - x: 0 y: 3
Position of avatar 2 - x: 2 y: 1
Move: 3

its my turn: 2
Current board:
Position of avatar 0 - x: 0 y: 0
Position of avatar 1 - x: 0 y: 3
Position of avatar 2 - x: 2 y: 1
Move: 1

its my turn: 0
Current board:
Position of avatar 0 - x: 0 y: 0
Position of avatar 1 - x: 0 y: 3
Position of avatar 2 - x: 2 y: 0
Move: 2

its my turn: 1
Current board:
Position of avatar 0 - x: 0 y: 1
Position of avatar 1 - x: 0 y: 3
Position of avatar 2 - x: 2 y: 0
Move: 1

its my turn: 2
Current board:
Position of avatar 0 - x: 0 y: 1
Position of avatar 1 - x: 0 y: 2
Position of avatar 2 - x: 2 y: 0
Move: 0

its my turn: 0
Current board:
Position of avatar 0 - x: 0 y: 1
Position of avatar 1 - x: 0 y: 2
Position of avatar 2 - x: 1 y: 0
Move: 2

its my turn: 1
Current board:
Position of avatar 0 - x: 0 y: 2
Position of avatar 1 - x: 0 y: 2
Position of avatar 2 - x: 1 y: 0
Move: 3

its my turn: 2
Current board:
Position of avatar 0 - x: 0 y: 2
Position of avatar 1 - x: 1 y: 2
Position of avatar 2 - x: 1 y: 0
Move: 0

its my turn: 0
Current board:
Position of avatar 0 - x: 0 y: 2
Position of avatar 1 - x: 1 y: 2
Position of avatar 2 - x: 1 y: 0
Move: 2

its my turn: 1
Current board:
Position of avatar 0 - x: 0 y: 3
Position of avatar 1 - x: 1 y: 2
Position of avatar 2 - x: 1 y: 0
Move: 2

its my turn: 2
Current board:
Position of avatar 0 - x: 0 y: 3
Position of avatar 1 - x: 1 y: 2
Position of avatar 2 - x: 1 y: 0
Move: 2

its my turn: 0
Current board:
Position of avatar 0 - x: 0 y: 3
Position of avatar 1 - x: 1 y: 2
Position of avatar 2 - x: 1 y: 1
Move: 2

its my turn: 1
Current board:
Position of avatar 0 - x: 0 y: 4
Position of avatar 1 - x: 1 y: 2
Position of avatar 2 - x: 1 y: 1
Move: 3

its my turn: 2
Current board:
Position of avatar 0 - x: 0 y: 4
Position of avatar 1 - x: 2 y: 2
Position of avatar 2 - x: 1 y: 1
Move: 2

its my turn: 0
Current board:
Position of avatar 0 - x: 0 y: 4
Position of avatar 1 - x: 2 y: 2
Position of avatar 2 - x: 1 y: 2
Move: 2

its my turn: 1
Current board:
Position of avatar 0 - x: 0 y: 5
Position of avatar 1 - x: 2 y: 2
Position of avatar 2 - x: 1 y: 2
Move: 2

its my turn: 2
Current board:
Position of avatar 0 - x: 0 y: 5
Position of avatar 1 - x: 2 y: 3
Position of avatar 2 - x: 1 y: 2
Move: 0

its my turn: 0
Current board:
Position of avatar 0 - x: 0 y: 5
Position of avatar 1 - x: 2 y: 3
Position of avatar 2 - x: 0 y: 2
Move: 2

its my turn: 1
Current board:
Position of avatar 0 - x: 0 y: 6
Position of avatar 1 - x: 2 y: 3
Position of avatar 2 - x: 0 y: 2
Move: 0

its my turn: 2
Current board:
Position of avatar 0 - x: 0 y: 6
Position of avatar 1 - x: 2 y: 3
Position of avatar 2 - x: 0 y: 2
Move: 2

its my turn: 0
Current board:
Position of avatar 0 - x: 0 y: 6
Position of avatar 1 - x: 2 y: 3
Position of avatar 2 - x: 0 y: 3
Move: 2

its my turn: 1
Current board:
Position of avatar 0 - x: 0 y: 6
Position of avatar 1 - x: 2 y: 3
Position of avatar 2 - x: 0 y: 3
Move: 2

its my turn: 2
Current board:
Position of avatar 0 - x: 0 y: 6
Position of avatar 1 - x: 2 y: 3
Position of avatar 2 - x: 0 y: 3
Move: 2

its my turn: 0
Current board:
Position of avatar 0 - x: 0 y: 6
Position of avatar 1 - x: 2 y: 3
Position of avatar 2 - x: 0 y: 4
Move: 3

its my turn: 1
Current board:
Position of avatar 0 - x: 1 y: 6
Position of avatar 1 - x: 2 y: 3
Position of avatar 2 - x: 0 y: 4
Move: 3

its my turn: 2
Current board:
Position of avatar 0 - x: 1 y: 6
Position of avatar 1 - x: 3 y: 3
Position of avatar 2 - x: 0 y: 4
Move: 2

its my turn: 0
Current board:
Position of avatar 0 - x: 1 y: 6
Position of avatar 1 - x: 3 y: 3
Position of avatar 2 - x: 0 y: 5
Move: 2

its my turn: 1
Current board:
Position of avatar 0 - x: 1 y: 6
Position of avatar 1 - x: 3 y: 3
Position of avatar 2 - x: 0 y: 5
Move: 2

its my turn: 2
Current board:
Position of avatar 0 - x: 1 y: 6
Position of avatar 1 - x: 3 y: 3
Position of avatar 2 - x: 0 y: 5
Move: 2

its my turn: 0
Current board:
Position of avatar 0 - x: 1 y: 6
Position of avatar 1 - x: 3 y: 3
Position of avatar 2 - x: 0 y: 6
Move: 3

its my turn: 1
Current board:
Position of avatar 0 - x: 1 y: 6
Position of avatar 1 - x: 3 y: 3
Position of avatar 2 - x: 0 y: 6
Move: 3

its my turn: 2
Current board:
Position of avatar 0 - x: 1 y: 6
Position of avatar 1 - x: 4 y: 3
Position of avatar 2 - x: 0 y: 6
Move: 2

its my turn: 0
Current board:
Position of avatar 0 - x: 1 y: 6
Position of avatar 1 - x: 4 y: 3
Position of avatar 2 - x: 0 y: 6
Move: 1

its my turn: 1
Current board:
Position of avatar 0 - x: 1 y: 5
Position of avatar 1 - x: 4 y: 3
Position of avatar 2 - x: 0 y: 6
Move: 2

its my turn: 2
Current board:
Position of avatar 0 - x: 1 y: 5
Position of avatar 1 - x: 4 y: 3
Position of avatar 2 - x: 0 y: 6
Move: 3

its my turn: 0
Current board:
Position of avatar 0 - x: 1 y: 5
Position of avatar 1 - x: 4 y: 3
Position of avatar 2 - x: 1 y: 6
Move: 3

its my turn: 1
Current board:
Position of avatar 0 - x: 2 y: 5
Position of avatar 1 - x: 4 y: 3
Position of avatar 2 - x: 1 y: 6
Move: 3

its my turn: 2
Current board:
Position of avatar 0 - x: 2 y: 5
Position of avatar 1 - x: 4 y: 3
Position of avatar 2 - x: 1 y: 6
Move: 3

its my turn: 0
Current board:
Position of avatar 0 - x: 2 y: 5
Position of avatar 1 - x: 4 y: 3
Position of avatar 2 - x: 1 y: 6
Move: 2

its my turn: 1
Current board:
Position of avatar 0 - x: 2 y: 6
Position of avatar 1 - x: 4 y: 3
Position of avatar 2 - x: 1 y: 6
Move: 1

its my turn: 2
Current board:
Position of avatar 0 - x: 2 y: 6
Position of avatar 1 - x: 4 y: 2
Position of avatar 2 - x: 1 y: 6
Move: 1

its my turn: 0
Current board:
Position of avatar 0 - x: 2 y: 6
Position of avatar 1 - x: 4 y: 2
Position of avatar 2 - x: 1 y: 5
Move: 2

its my turn: 1
Current board:
Position of avatar 0 - x: 2 y: 7
Position of avatar 1 - x: 4 y: 2
Position of avatar 2 - x: 1 y: 5
Move: 3

its my turn: 2
Current board:
Position of avatar 0 - x: 2 y: 7
Position of avatar 1 - x: 4 y: 2
Position of avatar 2 - x: 1 y: 5
Move: 3

its my turn: 0
Current board:
Position of avatar 0 - x: 2 y: 7
Position of avatar 1 - x: 4 y: 2
Position of avatar 2 - x: 2 y: 5
Move: 0

its my turn: 1
Current board:
Position of avatar 0 - x: 2 y: 7
Position of avatar 1 - x: 4 y: 2
Position of avatar 2 - x: 2 y: 5
Move: 1

its my turn: 2
Current board:
Position of avatar 0 - x: 2 y: 7
Position of avatar 1 - x: 4 y: 2
Position of avatar 2 - x: 2 y: 5
Move: 2

its my turn: 0
Current board:
Position of avatar 0 - x: 2 y: 7
Position of avatar 1 - x: 4 y: 2
Position of avatar 2 - x: 2 y: 6
Move: 2

its my turn: 1
Current board:
Position of avatar 0 - x: 2 y: 8
Position of avatar 1 - x: 4 y: 2
Position of avatar 2 - x: 2 y: 6
Move: 0

its my turn: 2
Current board:
Position of avatar 0 - x: 2 y: 8
Position of avatar 1 - x: 3 y: 2
Position of avatar 2 - x: 2 y: 6
Move: 2

its my turn: 0
Current board:
Position of avatar 0 - x: 2 y: 8
Position of avatar 1 - x: 3 y: 2
Position of avatar 2 - x: 2 y: 7
Move: 0

its my turn: 1
Current board:
Position of avatar 0 - x: 1 y: 8
Position of avatar 1 - x: 3 y: 2
Position of avatar 2 - x: 2 y: 7
Move: 1

its my turn: 2
Current board:
Position of avatar 0 - x: 1 y: 8
Position of avatar 1 - x: 3 y: 2
Position of avatar 2 - x: 2 y: 7
Move: 2

its my turn: 0
Current board:
Position of avatar 0 - x: 1 y: 8
Position of avatar 1 - x: 3 y: 2
Position of avatar 2 - x: 2 y: 8
Move: 1

its my turn: 1
Current board:
Position of avatar 0 - x: 1 y: 7
Position of avatar 1 - x: 3 y: 2
Position of avatar 2 - x: 2 y: 8
Move: 0

its my turn: 2
Current board:
Position of avatar 0 - x: 1 y: 7
Position of avatar 1 - x: 3 y: 2
Position of avatar 2 - x: 2 y: 8
Move: 0

its my turn: 0
Current board:
Position of avatar 0 - x: 1 y: 7
Position of avatar 1 - x: 3 y: 2
Position of avatar 2 - x: 1 y: 8
Move: 1

its my turn: 1
Current board:
Position of avatar 0 - x: 1 y: 7
Position of avatar 1 - x: 3 y: 2
Position of avatar 2 - x: 1 y: 8
Move: 2

its my turn: 2
Current board:
Position of avatar 0 - x: 1 y: 7
Position of avatar 1 - x: 3 y: 2
Position of avatar 2 - x: 1 y: 8
Move: 1

its my turn: 0
Current board:
Position of avatar 0 - x: 1 y: 7
Position of avatar 1 - x: 3 y: 2
Position of avatar 2 - x: 1 y: 7
Move: 1

its my turn: 1
Current board:
Position of avatar 0 - x: 1 y: 7
Position of avatar 1 - x: 3 y: 2
Position of avatar 2 - x: 1 y: 7
Move: 3

its my turn: 2
Current board:
Position of avatar 0 - x: 1 y: 7
Position of avatar 1 - x: 4 y: 2
Position of avatar 2 - x: 1 y: 7
Move: 0

its my turn: 0
Current board:
Position of avatar 0 - x: 1 y: 7
Position of avatar 1 - x: 4 y: 2
Position of avatar 2 - x: 0 y: 7
Move: 0

its my turn: 1
Current board:
Position of avatar 0 - x: 0 y: 7
Position of avatar 1 - x: 4 y: 2
Position of avatar 2 - x: 0 y: 7
Move: 2

its my turn: 2
Current board:
Position of avatar 0 - x: 0 y: 7
Position of avatar 1 - x: 4 y: 3
Position of avatar 2 - x: 0 y: 7
Move: 2

its my turn: 0
Current board:
Position of avatar 0 - x: 0 y: 7
Position of avatar 1 - x: 4 y: 3
Position of avatar 2 - x: 0 y: 8
Move: 2

its my turn: 1
Current board:
Position of avatar 0 - x: 0 y: 8
Position of avatar 1 - x: 4 y: 3
Position of avatar 2 - x: 0 y: 8
Move: 0

its my turn: 2
Current board:
Position of avatar 0 - x: 0 y: 8
Position of avatar 1 - x: 3 y: 3
Position of avatar 2 - x: 0 y: 8
Move: 3

its my turn: 0
Current board:
Position of avatar 0 - x: 0 y: 8
Position of avatar 1 - x: 3 y: 3
Position of avatar 2 - x: 0 y: 8
Move: 1

its my turn: 1
Current board:
Position of avatar 0 - x: 0 y: 7
Position of avatar 1 - x: 3 y: 3
Position of avatar 2 - x: 0 y: 8
Move: 0

its my turn: 2
Current board:
Position of avatar 0 - x: 0 y: 7
Position of avatar 1 - x: 2 y: 3
Position of avatar 2 - x: 0 y: 8